<?xml version="1.0" encoding="UTF-8"?>
<testsuite name="it.unisalento.pas2425.notificationserviceproject.NotificationServiceProjectApplicationTests" tests="1" skipped="0" failures="0" errors="0" timestamp="2025-07-13T02:29:37.602Z" hostname="CARMELOS-MBP.station" time="0.402">
  <properties/>
  <testcase name="contextLoads()" classname="it.unisalento.pas2425.notificationserviceproject.NotificationServiceProjectApplicationTests" time="0.402"/>
  <system-out><![CDATA[04:29:36.002 [Test worker] INFO org.springframework.test.context.support.AnnotationConfigContextLoaderUtils -- Could not detect default configuration classes for test class [it.unisalento.pas2425.notificationserviceproject.NotificationServiceProjectApplicationTests]: NotificationServiceProjectApplicationTests does not declare any static, non-private, non-final, nested classes annotated with @Configuration.
04:29:36.072 [Test worker] INFO org.springframework.boot.test.context.SpringBootTestContextBootstrapper -- Found @SpringBootConfiguration it.unisalento.pas2425.notificationserviceproject.NotificationServiceProjectApplication for test class it.unisalento.pas2425.notificationserviceproject.NotificationServiceProjectApplicationTests

  .   ____          _            __ _ _
 /\\ / ___'_ __ _ _(_)_ __  __ _ \ \ \ \
( ( )\___ | '_ | '_| | '_ \/ _` | \ \ \ \
 \\/  ___)| |_)| | | | | || (_| |  ) ) ) )
  '  |____| .__|_| |_|_| |_\__, | / / / /
 =========|_|==============|___/=/_/_/_/

 :: Spring Boot ::                (v3.5.3)

2025-07-13T04:29:36.303+02:00  INFO 19106 --- [NotificationServiceProject] [    Test worker] tificationServiceProjectApplicationTests : Starting NotificationServiceProjectApplicationTests using Java 18.0.2 with PID 19106 (started by carmelomandorino in /Users/carmelo/notificationserviceproject)
2025-07-13T04:29:36.305+02:00  INFO 19106 --- [NotificationServiceProject] [    Test worker] tificationServiceProjectApplicationTests : No active profile set, falling back to 1 default profile: "default"
2025-07-13T04:29:36.705+02:00  INFO 19106 --- [NotificationServiceProject] [    Test worker] .s.d.r.c.RepositoryConfigurationDelegate : Bootstrapping Spring Data MongoDB repositories in DEFAULT mode.
2025-07-13T04:29:36.716+02:00  INFO 19106 --- [NotificationServiceProject] [    Test worker] .s.d.r.c.RepositoryConfigurationDelegate : Finished Spring Data repository scanning in 8 ms. Found 0 MongoDB repository interfaces.
2025-07-13T04:29:37.028+02:00  WARN 19106 --- [NotificationServiceProject] [    Test worker] .s.s.UserDetailsServiceAutoConfiguration : 

Using generated security password: 50177cdd-9adf-4b8b-9050-f6e742ac1b8a

This generated password is for development use only. Your security configuration must be updated before running your application in production.

2025-07-13T04:29:37.031+02:00  INFO 19106 --- [NotificationServiceProject] [    Test worker] r$InitializeUserDetailsManagerConfigurer : Global AuthenticationManager configured with UserDetailsService bean with name inMemoryUserDetailsManager
2025-07-13T04:29:37.457+02:00  INFO 19106 --- [NotificationServiceProject] [    Test worker] org.mongodb.driver.client                : MongoClient with metadata {"driver": {"name": "mongo-java-driver|sync|spring-boot", "version": "5.5.1"}, "os": {"type": "Darwin", "name": "Mac OS X", "architecture": "aarch64", "version": "14.3"}, "platform": "Java/Oracle Corporation/18.0.2+9-61"} created with settings MongoClientSettings{readPreference=primary, writeConcern=WriteConcern{w=null, wTimeout=null ms, journal=null}, retryWrites=true, retryReads=true, readConcern=ReadConcern{level=null}, credential=null, transportSettings=null, commandListeners=[], codecRegistry=ProvidersCodecRegistry{codecProviders=[ValueCodecProvider{}, BsonValueCodecProvider{}, DBRefCodecProvider{}, DBObjectCodecProvider{}, DocumentCodecProvider{}, CollectionCodecProvider{}, IterableCodecProvider{}, MapCodecProvider{}, GeoJsonCodecProvider{}, GridFSFileCodecProvider{}, Jsr310CodecProvider{}, JsonObjectCodecProvider{}, BsonCodecProvider{}, EnumCodecProvider{}, com.mongodb.client.model.mql.ExpressionCodecProvider@3aca2579, com.mongodb.Jep395RecordCodecProvider@4ba13fed, com.mongodb.KotlinCodecProvider@651cedfb]}, loggerSettings=LoggerSettings{maxDocumentLength=1000}, clusterSettings={hosts=[my-db-9:27017], srvServiceName=mongodb, mode=SINGLE, requiredClusterType=UNKNOWN, requiredReplicaSetName='null', serverSelector='null', clusterListeners='[]', serverSelectionTimeout='30000 ms', localThreshold='15 ms'}, socketSettings=SocketSettings{connectTimeoutMS=10000, readTimeoutMS=0, receiveBufferSize=0, proxySettings=ProxySettings{host=null, port=null, username=null, password=null}}, heartbeatSocketSettings=SocketSettings{connectTimeoutMS=10000, readTimeoutMS=10000, receiveBufferSize=0, proxySettings=ProxySettings{host=null, port=null, username=null, password=null}}, connectionPoolSettings=ConnectionPoolSettings{maxSize=100, minSize=0, maxWaitTimeMS=120000, maxConnectionLifeTimeMS=0, maxConnectionIdleTimeMS=0, maintenanceInitialDelayMS=0, maintenanceFrequencyMS=60000, connectionPoolListeners=[], maxConnecting=2}, serverSettings=ServerSettings{heartbeatFrequencyMS=10000, minHeartbeatFrequencyMS=500, serverMonitoringMode=AUTO, serverListeners='[]', serverMonitorListeners='[]'}, sslSettings=SslSettings{enabled=false, invalidHostNameAllowed=false, context=null}, applicationName='null', compressorList=[], uuidRepresentation=JAVA_LEGACY, serverApi=null, autoEncryptionSettings=null, dnsClient=null, inetAddressResolver=null, contextProvider=null, timeoutMS=null}
2025-07-13T04:29:37.512+02:00  INFO 19106 --- [NotificationServiceProject] [}-my-db-9:27017] org.mongodb.driver.cluster               : Exception in monitor thread while connecting to server my-db-9:27017

com.mongodb.MongoSocketException: my-db-9: nodename nor servname provided, or not known
	at com.mongodb.internal.connection.ServerAddressHelper.getSocketAddresses(ServerAddressHelper.java:75) ~[mongodb-driver-core-5.5.1.jar:na]
	at com.mongodb.internal.connection.SocketStream.initializeSocket(SocketStream.java:100) ~[mongodb-driver-core-5.5.1.jar:na]
	at com.mongodb.internal.connection.SocketStream.open(SocketStream.java:79) ~[mongodb-driver-core-5.5.1.jar:na]
	at com.mongodb.internal.connection.InternalStreamConnection.open(InternalStreamConnection.java:233) ~[mongodb-driver-core-5.5.1.jar:na]
	at com.mongodb.internal.connection.DefaultServerMonitor$ServerMonitor.lookupServerDescription(DefaultServerMonitor.java:219) ~[mongodb-driver-core-5.5.1.jar:na]
	at com.mongodb.internal.connection.DefaultServerMonitor$ServerMonitor.run(DefaultServerMonitor.java:176) ~[mongodb-driver-core-5.5.1.jar:na]
Caused by: java.net.UnknownHostException: my-db-9: nodename nor servname provided, or not known
	at java.base/java.net.Inet6AddressImpl.lookupAllHostAddr(Native Method) ~[na:na]
	at java.base/java.net.Inet6AddressImpl.lookupAllHostAddr(Inet6AddressImpl.java:52) ~[na:na]
	at java.base/java.net.InetAddress$PlatformResolver.lookupByName(InetAddress.java:1048) ~[na:na]
	at java.base/java.net.InetAddress.getAddressesFromNameService(InetAddress.java:1648) ~[na:na]
	at java.base/java.net.InetAddress$NameServiceAddresses.get(InetAddress.java:997) ~[na:na]
	at java.base/java.net.InetAddress.getAllByName0(InetAddress.java:1638) ~[na:na]
	at java.base/java.net.InetAddress.getAllByName(InetAddress.java:1504) ~[na:na]
	at com.mongodb.internal.connection.DefaultInetAddressResolver.lookupByName(DefaultInetAddressResolver.java:34) ~[mongodb-driver-core-5.5.1.jar:na]
	at com.mongodb.internal.connection.ServerAddressHelper.getSocketAddresses(ServerAddressHelper.java:71) ~[mongodb-driver-core-5.5.1.jar:na]
	... 5 common frames omitted

2025-07-13T04:29:37.593+02:00  INFO 19106 --- [NotificationServiceProject] [    Test worker] tificationServiceProjectApplicationTests : Started NotificationServiceProjectApplicationTests in 1.438 seconds (process running for 2.007)
]]></system-out>
  <system-err><![CDATA[]]></system-err>
</testsuite>
